[ 2016-04-09T00:44:42+08:00 ] 127.0.0.1 /online_meal_ordering/demo/simplify/css/gritter/jquery.gritter.css
INFO: [ app_init ] --START--
INFO: Run Behavior\BuildLiteBehavior [ RunTime:0.000026s ]
INFO: [ app_init ] --END-- [ RunTime:0.000174s ]
ERR: 无法加载模块:Demo

[ 2016-04-09T00:44:42+08:00 ] 127.0.0.1 /online_meal_ordering/demo/simplify/js/jquery.noty.packaged.min.js
INFO: [ app_init ] --START--
INFO: Run Behavior\BuildLiteBehavior [ RunTime:0.000029s ]
INFO: [ app_init ] --END-- [ RunTime:0.000217s ]
ERR: 无法加载模块:Demo

[ 2016-04-09T00:44:42+08:00 ] 127.0.0.1 /online_meal_ordering/demo/simplify/js/jquery.gritter.min.js
INFO: [ app_init ] --START--
INFO: Run Behavior\BuildLiteBehavior [ RunTime:0.000024s ]
INFO: [ app_init ] --END-- [ RunTime:0.000165s ]
ERR: 无法加载模块:Demo

[ 2016-04-09T00:44:46+08:00 ] 127.0.0.1 /online_meal_ordering/demo/simplify/css/gritter/jquery.gritter.css
INFO: [ app_init ] --START--
INFO: Run Behavior\BuildLiteBehavior [ RunTime:0.000028s ]
INFO: [ app_init ] --END-- [ RunTime:0.000278s ]
ERR: 无法加载模块:Demo

[ 2016-04-09T00:59:33+08:00 ] 127.0.0.1 /online_meal_ordering/demo/simplify/css/gritter/jquery.gritter.css
INFO: [ app_init ] --START--
INFO: Run Behavior\BuildLiteBehavior [ RunTime:0.000016s ]
INFO: [ app_init ] --END-- [ RunTime:0.000114s ]
ERR: 无法加载模块:Demo

[ 2016-04-09T00:59:33+08:00 ] 127.0.0.1 /online_meal_ordering/demo/simplify/js/jquery.noty.packaged.min.js
INFO: [ app_init ] --START--
INFO: Run Behavior\BuildLiteBehavior [ RunTime:0.000026s ]
INFO: [ app_init ] --END-- [ RunTime:0.000175s ]
ERR: 无法加载模块:Demo

[ 2016-04-09T00:59:33+08:00 ] 127.0.0.1 /online_meal_ordering/demo/simplify/js/jquery.gritter.min.js
INFO: [ app_init ] --START--
INFO: Run Behavior\BuildLiteBehavior [ RunTime:0.000025s ]
INFO: [ app_init ] --END-- [ RunTime:0.000158s ]
ERR: 无法加载模块:Demo

